<?xml version="1.0" encoding="UTF-8"?>
<testng-results ignored="0" total="3" passed="3" failed="0" skipped="0">
  <reporter-output>
  </reporter-output>
  <suite started-at="2025-01-14T23:58:05 IST" name="Default suite" finished-at="2025-01-14T23:58:06 IST" duration-ms="549">
    <groups>
    </groups>
    <test started-at="2025-01-14T23:58:05 IST" name="Default test" finished-at="2025-01-14T23:58:06 IST" duration-ms="549">
      <class name="storedFunctionTesting.StoredFunctionTesting">
        <test-method is-config="true" signature="setup()[pri:0, instance:storedFunctionTesting.StoredFunctionTesting@436813f3]" started-at="2025-01-14T23:58:05 IST" name="setup" finished-at="2025-01-14T23:58:05 IST" duration-ms="405" status="PASS">
          <reporter-output>
          </reporter-output>
        </test-method> <!-- setup -->
        <test-method signature="CustomerLevelWithStoredProcedure()[pri:0, instance:storedFunctionTesting.StoredFunctionTesting@436813f3]" started-at="2025-01-14T23:58:05 IST" name="CustomerLevelWithStoredProcedure" finished-at="2025-01-14T23:58:06 IST" duration-ms="71" status="PASS">
          <reporter-output>
          </reporter-output>
        </test-method> <!-- CustomerLevelWithStoredProcedure -->
        <test-method signature="storedFunctionExists()[pri:1, instance:storedFunctionTesting.StoredFunctionTesting@436813f3]" started-at="2025-01-14T23:58:06 IST" name="storedFunctionExists" finished-at="2025-01-14T23:58:06 IST" duration-ms="9" status="PASS">
          <reporter-output>
          </reporter-output>
        </test-method> <!-- storedFunctionExists -->
        <test-method signature="customerLevelWithSQLStatement()[pri:2, instance:storedFunctionTesting.StoredFunctionTesting@436813f3]" started-at="2025-01-14T23:58:06 IST" name="customerLevelWithSQLStatement" finished-at="2025-01-14T23:58:06 IST" duration-ms="18" status="PASS">
          <reporter-output>
          </reporter-output>
        </test-method> <!-- customerLevelWithSQLStatement -->
        <test-method is-config="true" signature="tearDown()[pri:0, instance:storedFunctionTesting.StoredFunctionTesting@436813f3]" started-at="2025-01-14T23:58:06 IST" name="tearDown" finished-at="2025-01-14T23:58:06 IST" duration-ms="5" status="PASS">
          <reporter-output>
          </reporter-output>
        </test-method> <!-- tearDown -->
      </class> <!-- storedFunctionTesting.StoredFunctionTesting -->
    </test> <!-- Default test -->
  </suite> <!-- Default suite -->
</testng-results>
