<?xml version="1.0" encoding="UTF-8"?>
<!-- Generated by org.testng.reporters.JUnitXMLReporter -->
<testsuite ignored="0" hostname="Abhinaya" failures="1" tests="2" name="Test" time="0.038" errors="0" timestamp="17 Sep 2024 17:07:21 GMT">
  <testcase classname="ListenersInTestng.ListenerTest" name="sum" time="0.009"/>
  <testcase classname="ListenersInTestng.ListenerTest" name="testOfFail" time="0.004">
    <failure type="java.lang.AssertionError" message="expected [true] but found [false]">
      <![CDATA[java.lang.AssertionError: expected [true] but found [false]
	at ListenersInTestng.ListenerTest.testOfFail(ListenerTest.java:22)
... Removed 29 stack frames]]>
    </failure>
  </testcase> <!-- testOfFail -->
</testsuite> <!-- Test -->
