<?xml version="1.0" encoding="UTF-8"?>
<!-- Generated by org.testng.reporters.JUnitXMLReporter -->
<testsuite ignored="1" hostname="Abhinaya" failures="0" tests="2" name="Test" time="0.028" errors="0" timestamp="17 Sep 2024 09:17:47 GMT">
  <testcase classname="MavenProjectTestng.MavenProjectTestng.Groups" name="Cognizant" time="0.009"/>
  <testcase classname="MavenProjectTestng.MavenProjectTestng.Groups" name="Infosys" time="0.001"/>
  <testcase classname="MavenProjectTestng.MavenProjectTestng.Groups" name="justdial" time="0.0">
    <ignored/>
  </testcase> <!-- justdial -->
</testsuite> <!-- Test -->
