<?xml version="1.0" encoding="UTF-8"?>
<testng-results ignored="0" total="2" passed="2" failed="0" skipped="0">
  <reporter-output>
  </reporter-output>
  <suite started-at="2024-09-17T17:21:42Z" name="Suite" finished-at="2024-09-17T17:21:42Z" duration-ms="39">
    <groups>
    </groups>
    <test started-at="2024-09-17T17:21:42Z" name="Test" finished-at="2024-09-17T17:21:42Z" duration-ms="39">
      <class name="ListenersInTestngSecond.Testcases">
        <test-method signature="TestToFail()[pri:0, instance:ListenersInTestngSecond.Testcases@3e3047e6]" started-at="2024-09-17T22:51:42Z" name="TestToFail" finished-at="2024-09-17T22:51:42Z" duration-ms="9" status="PASS">
          <reporter-output>
          </reporter-output>
        </test-method> <!-- TestToFail -->
        <test-method signature="TestToPass()[pri:0, instance:ListenersInTestngSecond.Testcases@3e3047e6]" started-at="2024-09-17T22:51:42Z" name="TestToPass" finished-at="2024-09-17T22:51:42Z" duration-ms="1" status="PASS">
          <reporter-output>
          </reporter-output>
        </test-method> <!-- TestToPass -->
      </class> <!-- ListenersInTestngSecond.Testcases -->
    </test> <!-- Test -->
  </suite> <!-- Suite -->
</testng-results>
