<?xml version="1.0" encoding="UTF-8"?>
<testng-results ignored="0" total="1" passed="1" failed="0" skipped="0">
  <reporter-output>
  </reporter-output>
  <suite started-at="2024-12-19T18:05:57Z" name="Default suite" finished-at="2024-12-19T18:05:58Z" duration-ms="41">
    <groups>
    </groups>
    <test started-at="2024-12-19T18:05:57Z" name="Default test" finished-at="2024-12-19T18:05:58Z" duration-ms="41">
      <class name="ImportantPrograms.ImportantPrograms.LengthOfLongestSubstringWithoutRepeatingCharacters">
        <test-method signature="SubstringLength()[pri:0, instance:ImportantPrograms.ImportantPrograms.LengthOfLongestSubstringWithoutRepeatingCharacters@543295b0]" started-at="2024-12-19T23:35:58Z" name="SubstringLength" finished-at="2024-12-19T23:35:58Z" duration-ms="16" status="PASS">
          <reporter-output>
          </reporter-output>
        </test-method> <!-- SubstringLength -->
      </class> <!-- ImportantPrograms.ImportantPrograms.LengthOfLongestSubstringWithoutRepeatingCharacters -->
    </test> <!-- Default test -->
  </suite> <!-- Default suite -->
</testng-results>
