<?xml version="1.0" encoding="UTF-8"?>
<!-- Generated by org.testng.reporters.JUnitXMLReporter -->
<testsuite ignored="0" hostname="Abhinaya" failures="0" tests="3" name="Default test" time="0.549" errors="0" timestamp="2025-01-14T23:58:06 IST">
  <testcase classname="storedFunctionTesting.StoredFunctionTesting" name="CustomerLevelWithStoredProcedure" time="0.071"/>
  <testcase classname="storedFunctionTesting.StoredFunctionTesting" name="storedFunctionExists" time="0.009"/>
  <testcase classname="storedFunctionTesting.StoredFunctionTesting" name="customerLevelWithSQLStatement" time="0.018"/>
</testsuite> <!-- Default test -->
