<?xml version="1.0" encoding="UTF-8"?>
<testng-results ignored="0" total="4" passed="4" failed="0" skipped="0">
  <reporter-output>
  </reporter-output>
  <suite started-at="2024-09-17T12:46:13Z" name="Suite" finished-at="2024-09-17T12:46:13Z" duration-ms="92">
    <groups>
    </groups>
    <test started-at="2024-09-17T12:46:13Z" name="Fruits" finished-at="2024-09-17T12:46:13Z" duration-ms="27">
      <class name="ParametersinTestngSecond.Fruits">
        <test-method signature="mango(java.lang.String)[pri:0, instance:ParametersinTestngSecond.Fruits@15761df8]" started-at="2024-09-17T18:16:13Z" name="mango" finished-at="2024-09-17T18:16:13Z" duration-ms="6" status="PASS">
          <params>
            <param index="0">
              <value>
                <![CDATA[mango]]>
              </value>
            </param>
          </params>
          <reporter-output>
          </reporter-output>
        </test-method> <!-- mango -->
        <test-method signature="pineapple(java.lang.String)[pri:0, instance:ParametersinTestngSecond.Fruits@15761df8]" started-at="2024-09-17T18:16:13Z" name="pineapple" finished-at="2024-09-17T18:16:13Z" duration-ms="2" status="PASS">
          <params>
            <param index="0">
              <value>
                <![CDATA[pineapple]]>
              </value>
            </param>
          </params>
          <reporter-output>
          </reporter-output>
        </test-method> <!-- pineapple -->
      </class> <!-- ParametersinTestngSecond.Fruits -->
    </test> <!-- Fruits -->
    <test started-at="2024-09-17T12:46:13Z" name="Vegetables" finished-at="2024-09-17T12:46:13Z" duration-ms="8">
      <class name="ParametersinTestngSecond.Vegetables">
        <test-method signature="carrot(java.lang.String)[pri:0, instance:ParametersinTestngSecond.Vegetables@13c10b87]" started-at="2024-09-17T18:16:13Z" name="carrot" finished-at="2024-09-17T18:16:13Z" duration-ms="1" status="PASS">
          <params>
            <param index="0">
              <value>
                <![CDATA[carrot]]>
              </value>
            </param>
          </params>
          <reporter-output>
          </reporter-output>
        </test-method> <!-- carrot -->
        <test-method signature="cauliflower(java.lang.String)[pri:0, instance:ParametersinTestngSecond.Vegetables@13c10b87]" started-at="2024-09-17T18:16:13Z" name="cauliflower" finished-at="2024-09-17T18:16:13Z" duration-ms="2" status="PASS">
          <params>
            <param index="0">
              <value>
                <![CDATA[cauliflower]]>
              </value>
            </param>
          </params>
          <reporter-output>
          </reporter-output>
        </test-method> <!-- cauliflower -->
      </class> <!-- ParametersinTestngSecond.Vegetables -->
    </test> <!-- Vegetables -->
  </suite> <!-- Suite -->
</testng-results>
