<?xml version="1.0" encoding="UTF-8"?>
<testng-results ignored="0" total="1" passed="1" failed="0" skipped="0">
  <reporter-output>
  </reporter-output>
  <suite started-at="2024-09-30T16:52:30Z" name="Default suite" finished-at="2024-09-30T16:52:30Z" duration-ms="41">
    <groups>
    </groups>
    <test started-at="2024-09-30T16:52:30Z" name="Default test" finished-at="2024-09-30T16:52:30Z" duration-ms="41">
      <class name="javaPrograms.PrintfromOnetoHundredwithoutusinganynumbers">
        <test-method signature="printNumbers()[pri:0, instance:javaPrograms.PrintfromOnetoHundredwithoutusinganynumbers@543295b0]" started-at="2024-09-30T22:22:30Z" name="printNumbers" finished-at="2024-09-30T22:22:30Z" duration-ms="13" status="PASS">
          <reporter-output>
          </reporter-output>
        </test-method> <!-- printNumbers -->
      </class> <!-- javaPrograms.PrintfromOnetoHundredwithoutusinganynumbers -->
    </test> <!-- Default test -->
  </suite> <!-- Default suite -->
</testng-results>
