<?xml version="1.0" encoding="UTF-8"?>
<!-- Generated by org.testng.reporters.JUnitXMLReporter -->
<testsuite ignored="0" hostname="Abhinaya" failures="1" tests="2" name="Listener" time="0.044" errors="0" timestamp="11 May 2024 17:14:45 GMT">
  <testcase classname="testNG.TestNG7" name="sum" time="0.009"/>
  <testcase classname="testNG.TestNG7" name="testOfFail" time="0.008">
    <failure type="java.lang.AssertionError" message="expected [true] but found [false]">
      <![CDATA[java.lang.AssertionError: expected [true] but found [false]
	at testNG.TestNG7.testOfFail(TestNG7.java:19)
... Removed 29 stack frames]]>
    </failure>
  </testcase> <!-- testOfFail -->
</testsuite> <!-- Listener -->
