<?xml version="1.0" encoding="UTF-8"?>
<!-- Generated by org.testng.reporters.JUnitXMLReporter -->
<testsuite ignored="0" hostname="Abhinaya" failures="1" tests="3" name="Test" time="0.312" errors="0" timestamp="11 May 2024 15:18:55 GMT">
  <testcase classname="testNG.TestNG6" name="checkTime" time="0.018"/>
  <testcase classname="testNG.TestNG6" name="timeCheck" time="0.004"/>
  <testcase classname="testNG.TestNG6" name="timeOut" time="0.225">
    <failure type="java.lang.ArrayIndexOutOfBoundsException" message="Index 0 out of bounds for length 0">
      <![CDATA[java.lang.ArrayIndexOutOfBoundsException: Index 0 out of bounds for length 0
... Removed 22 stack frames]]>
    </failure>
  </testcase> <!-- timeOut -->
</testsuite> <!-- Test -->
