<?xml version="1.0" encoding="UTF-8"?>
<testng-results ignored="0" total="1" passed="1" failed="0" skipped="0">
  <reporter-output>
  </reporter-output>
  <suite started-at="2024-11-09T17:18:12Z" name="Default suite" finished-at="2024-11-09T17:18:12Z" duration-ms="20">
    <groups>
    </groups>
    <test started-at="2024-11-09T17:18:12Z" name="Default test" finished-at="2024-11-09T17:18:12Z" duration-ms="20">
      <class name="ProgramsPractice.ProgramsPractice.RemoveDuplicatesfromArray">
        <test-method signature="removeDup()[pri:0, instance:ProgramsPractice.ProgramsPractice.RemoveDuplicatesfromArray@543295b0]" started-at="2024-11-09T22:48:12Z" name="removeDup" finished-at="2024-11-09T22:48:12Z" duration-ms="5" status="PASS">
          <reporter-output>
          </reporter-output>
        </test-method> <!-- removeDup -->
      </class> <!-- ProgramsPractice.ProgramsPractice.RemoveDuplicatesfromArray -->
    </test> <!-- Default test -->
  </suite> <!-- Default suite -->
</testng-results>
